<?xml version="1.0" encoding="UTF-8"?>
<OpenICFContainer>
  <__ACCOUNT__>
    <ms-employed>999999</ms-employed>
    <__DESCRIPTION__ />
    <has-sixth-sense>true</has-sixth-sense>
    <overtime-commission />
    <last-logoff />
    <__ENABLE__ />
    <account-created-timestamp />
    <hourly-wage />
    <firstname>Jan Eirik</firstname>
    <__DISABLE_DATE__ />
    <__GROUPS__ />
    <permanent-employee />
    <lastname-first-letter>H</lastname-first-letter>
    <email />
    <secret-pin />
    <__PASSWORD__ />
    <years-employed />
    <is-deleted />
    <jpegPhoto />
    <age />
    <userCertificate />
    <address />
    <__ENABLE_DATE__ />
    <max-storage />
    <employee-type />
    <yearly-wage />
    <avg-wage />
    <password-secret-answer />
    <__UID__ />
    <employee-number />
    <gender />
    <__NAME__>namedid</__NAME__>
    <office-square-feet />
    <__LAST_LOGIN_DATE__ />
    <lastname>Hallstensen</lastname>
  </__ACCOUNT__>
  <__ACCOUNT__>
    <ms-employed />
    <__DESCRIPTION__ />
    <has-sixth-sense />
    <overtime-commission />
    <last-logoff />
    <__ENABLE__ />
    <account-created-timestamp />
    <hourly-wage />
    <firstname>Jan Eirik</firstname>
    <__DISABLE_DATE__ />
    <__GROUPS__ />
    <permanent-employee />
    <lastname-first-letter />
    <email />
    <secret-pin />
    <__PASSWORD__ />
    <years-employed />
    <is-deleted />
    <jpegPhoto />
    <age />
    <userCertificate />
    <address />
    <__ENABLE_DATE__ />
    <max-storage />
    <employee-type />
    <yearly-wage />
    <avg-wage />
    <password-secret-answer />
    <__UID__ />
    <employee-number />
    <gender />
    <__NAME__>namedid</__NAME__>
    <office-square-feet />
    <__LAST_LOGIN_DATE__ />
    <lastname>Hallstensen</lastname>
  </__ACCOUNT__>
  <__ACCOUNT__>
    <ms-employed />
    <__DESCRIPTION__ />
    <has-sixth-sense />
    <overtime-commission />
    <last-logoff />
    <__ENABLE__ />
    <account-created-timestamp />
    <hourly-wage />
    <firstname>Jan Eirik</firstname>
    <__DISABLE_DATE__ />
    <__GROUPS__ />
    <permanent-employee />
    <lastname-first-letter />
    <email />
    <secret-pin />
    <__PASSWORD__ />
    <years-employed />
    <is-deleted />
    <jpegPhoto />
    <age />
    <userCertificate />
    <address />
    <__ENABLE_DATE__ />
    <max-storage />
    <employee-type />
    <yearly-wage />
    <avg-wage />
    <password-secret-answer />
    <__UID__ />
    <employee-number />
    <gender />
    <__NAME__>namedid</__NAME__>
    <office-square-feet />
    <__LAST_LOGIN_DATE__ />
    <lastname>Hallstensen</lastname>
  </__ACCOUNT__>
  <__ACCOUNT__>
    <ms-employed />
    <__DESCRIPTION__ />
    <has-sixth-sense />
    <overtime-commission />
    <last-logoff />
    <__ENABLE__ />
    <account-created-timestamp />
    <hourly-wage />
    <firstname>Jan Eirik</firstname>
    <__DISABLE_DATE__ />
    <__GROUPS__ />
    <permanent-employee />
    <lastname-first-letter />
    <email />
    <secret-pin />
    <__PASSWORD__ />
    <years-employed />
    <is-deleted />
    <jpegPhoto />
    <age />
    <userCertificate />
    <address />
    <__ENABLE_DATE__ />
    <max-storage />
    <employee-type />
    <yearly-wage />
    <avg-wage />
    <password-secret-answer />
    <__UID__ />
    <employee-number />
    <gender />
    <__NAME__>namedid</__NAME__>
    <office-square-feet />
    <__LAST_LOGIN_DATE__ />
    <lastname>Hallstensen</lastname>
  </__ACCOUNT__>
  <__ACCOUNT__>
    <ms-employed />
    <__DESCRIPTION__ />
    <has-sixth-sense />
    <overtime-commission />
    <last-logoff />
    <__ENABLE__ />
    <account-created-timestamp />
    <hourly-wage />
    <firstname>Jan Eirik</firstname>
    <__DISABLE_DATE__ />
    <__GROUPS__ />
    <permanent-employee />
    <lastname-first-letter />
    <email />
    <secret-pin />
    <__PASSWORD__ />
    <years-employed />
    <is-deleted />
    <jpegPhoto />
    <age />
    <userCertificate />
    <address />
    <__ENABLE_DATE__ />
    <max-storage />
    <employee-type />
    <yearly-wage />
    <avg-wage />
    <password-secret-answer />
    <__UID__ />
    <employee-number />
    <gender />
    <__NAME__>namedid</__NAME__>
    <office-square-feet />
    <__LAST_LOGIN_DATE__ />
    <lastname>Hallstensen</lastname>
  </__ACCOUNT__>
  <__ACCOUNT__>
    <ms-employed />
    <__DESCRIPTION__ />
    <has-sixth-sense />
    <overtime-commission />
    <last-logoff />
    <__ENABLE__ />
    <account-created-timestamp />
    <hourly-wage />
    <firstname>Jan Eirik</firstname>
    <__DISABLE_DATE__ />
    <__GROUPS__ />
    <permanent-employee />
    <lastname-first-letter />
    <email />
    <secret-pin />
    <__PASSWORD__ />
    <years-employed />
    <is-deleted />
    <jpegPhoto />
    <age />
    <userCertificate />
    <address />
    <__ENABLE_DATE__ />
    <max-storage />
    <employee-type />
    <yearly-wage />
    <avg-wage />
    <password-secret-answer />
    <__UID__ />
    <employee-number />
    <gender />
    <__NAME__>namedid</__NAME__>
    <office-square-feet />
    <__LAST_LOGIN_DATE__ />
    <lastname>Hallstensen</lastname>
  </__ACCOUNT__>
  <__ACCOUNT__>
    <ms-employed />
    <__DESCRIPTION__ />
    <has-sixth-sense />
    <overtime-commission />
    <last-logoff />
    <__ENABLE__ />
    <account-created-timestamp />
    <hourly-wage />
    <firstname>Jan Eirik</firstname>
    <__DISABLE_DATE__ />
    <__GROUPS__ />
    <permanent-employee />
    <lastname-first-letter />
    <email />
    <secret-pin />
    <__PASSWORD__ />
    <years-employed />
    <is-deleted />
    <jpegPhoto />
    <age />
    <userCertificate />
    <address />
    <__ENABLE_DATE__ />
    <max-storage />
    <employee-type />
    <yearly-wage />
    <avg-wage />
    <password-secret-answer />
    <__UID__ />
    <employee-number />
    <gender />
    <__NAME__>namedid</__NAME__>
    <office-square-feet />
    <__LAST_LOGIN_DATE__ />
    <lastname>Hallstensen</lastname>
  </__ACCOUNT__>
  <__ACCOUNT__>
    <ms-employed />
    <__DESCRIPTION__ />
    <has-sixth-sense />
    <overtime-commission />
    <last-logoff />
    <__ENABLE__ />
    <account-created-timestamp />
    <hourly-wage />
    <firstname>Jan Eirik</firstname>
    <__DISABLE_DATE__ />
    <__GROUPS__ />
    <permanent-employee />
    <lastname-first-letter />
    <email />
    <secret-pin />
    <__PASSWORD__ />
    <years-employed />
    <is-deleted />
    <jpegPhoto />
    <age />
    <userCertificate />
    <address />
    <__ENABLE_DATE__ />
    <max-storage />
    <employee-type />
    <yearly-wage />
    <avg-wage />
    <password-secret-answer />
    <__UID__ />
    <employee-number />
    <gender />
    <__NAME__>namedid</__NAME__>
    <office-square-feet />
    <__LAST_LOGIN_DATE__ />
    <lastname>Hallstensen</lastname>
  </__ACCOUNT__>
  <__ACCOUNT__>
    <ms-employed />
    <__DESCRIPTION__ />
    <has-sixth-sense />
    <overtime-commission />
    <last-logoff />
    <__ENABLE__ />
    <account-created-timestamp />
    <hourly-wage />
    <firstname>Jan Eirik</firstname>
    <__DISABLE_DATE__ />
    <__GROUPS__ />
    <permanent-employee />
    <lastname-first-letter />
    <email />
    <secret-pin />
    <__PASSWORD__ />
    <years-employed />
    <is-deleted />
    <jpegPhoto />
    <age />
    <userCertificate />
    <address />
    <__ENABLE_DATE__ />
    <max-storage />
    <employee-type />
    <yearly-wage />
    <avg-wage />
    <password-secret-answer />
    <__UID__ />
    <employee-number />
    <gender />
    <__NAME__>namedid</__NAME__>
    <office-square-feet />
    <__LAST_LOGIN_DATE__ />
    <lastname>Hallstensen</lastname>
  </__ACCOUNT__>
  <__ACCOUNT__>
    <ms-employed />
    <__DESCRIPTION__ />
    <has-sixth-sense />
    <overtime-commission />
    <last-logoff />
    <__ENABLE__ />
    <account-created-timestamp />
    <hourly-wage />
    <firstname>Jan Eirik</firstname>
    <__DISABLE_DATE__ />
    <__GROUPS__ />
    <permanent-employee />
    <lastname-first-letter />
    <email />
    <secret-pin />
    <__PASSWORD__ />
    <years-employed />
    <is-deleted />
    <jpegPhoto />
    <age />
    <userCertificate />
    <address />
    <__ENABLE_DATE__ />
    <max-storage />
    <employee-type />
    <yearly-wage />
    <avg-wage />
    <password-secret-answer />
    <__UID__ />
    <employee-number />
    <gender />
    <__NAME__>namedid</__NAME__>
    <office-square-feet />
    <__LAST_LOGIN_DATE__ />
    <lastname>Hallstensen</lastname>
  </__ACCOUNT__>
  <__ACCOUNT__>
    <ms-employed />
    <__DESCRIPTION__ />
    <has-sixth-sense />
    <overtime-commission />
    <last-logoff />
    <__ENABLE__ />
    <account-created-timestamp />
    <hourly-wage />
    <firstname>Jan Eirik</firstname>
    <__DISABLE_DATE__ />
    <__GROUPS__ />
    <permanent-employee />
    <lastname-first-letter />
    <email />
    <secret-pin />
    <__PASSWORD__ />
    <years-employed />
    <is-deleted />
    <jpegPhoto />
    <age />
    <userCertificate />
    <address />
    <__ENABLE_DATE__ />
    <max-storage />
    <employee-type />
    <yearly-wage />
    <avg-wage />
    <password-secret-answer />
    <__UID__ />
    <employee-number />
    <gender />
    <__NAME__>namedid</__NAME__>
    <office-square-feet />
    <__LAST_LOGIN_DATE__ />
    <lastname>Hallstensen</lastname>
  </__ACCOUNT__>
  <__ACCOUNT__>
    <ms-employed />
    <__DESCRIPTION__ />
    <has-sixth-sense />
    <overtime-commission />
    <last-logoff />
    <__ENABLE__ />
    <account-created-timestamp />
    <hourly-wage />
    <firstname>Jan Eirik</firstname>
    <__DISABLE_DATE__ />
    <__GROUPS__ />
    <permanent-employee />
    <lastname-first-letter />
    <email />
    <secret-pin />
    <__PASSWORD__ />
    <years-employed />
    <is-deleted />
    <jpegPhoto />
    <age />
    <userCertificate />
    <address />
    <__ENABLE_DATE__ />
    <max-storage />
    <employee-type />
    <yearly-wage />
    <avg-wage />
    <password-secret-answer />
    <__UID__ />
    <employee-number />
    <gender />
    <__NAME__>namedid</__NAME__>
    <office-square-feet />
    <__LAST_LOGIN_DATE__ />
    <lastname>Hallstensen</lastname>
  </__ACCOUNT__>
  <__ACCOUNT__>
    <ms-employed />
    <__DESCRIPTION__ />
    <has-sixth-sense />
    <overtime-commission />
    <last-logoff />
    <__ENABLE__ />
    <account-created-timestamp />
    <hourly-wage />
    <firstname>Jan Eirik</firstname>
    <__DISABLE_DATE__ />
    <__GROUPS__ />
    <permanent-employee />
    <lastname-first-letter />
    <email />
    <secret-pin />
    <__PASSWORD__ />
    <years-employed />
    <is-deleted />
    <jpegPhoto />
    <age />
    <userCertificate />
    <address />
    <__ENABLE_DATE__ />
    <max-storage />
    <employee-type />
    <yearly-wage />
    <avg-wage />
    <password-secret-answer />
    <__UID__ />
    <employee-number />
    <gender />
    <__NAME__>namedid</__NAME__>
    <office-square-feet />
    <__LAST_LOGIN_DATE__ />
    <lastname>Hallstensen</lastname>
  </__ACCOUNT__>
  <__ACCOUNT__>
    <ms-employed />
    <__DESCRIPTION__ />
    <has-sixth-sense />
    <overtime-commission />
    <last-logoff />
    <__ENABLE__ />
    <account-created-timestamp />
    <hourly-wage />
    <firstname>Jan Eirik</firstname>
    <__DISABLE_DATE__ />
    <__GROUPS__ />
    <permanent-employee />
    <lastname-first-letter />
    <email />
    <secret-pin />
    <__PASSWORD__ />
    <years-employed />
    <is-deleted />
    <jpegPhoto />
    <age />
    <userCertificate />
    <address />
    <__ENABLE_DATE__ />
    <max-storage />
    <employee-type />
    <yearly-wage />
    <avg-wage />
    <password-secret-answer />
    <__UID__ />
    <employee-number />
    <gender />
    <__NAME__>namedid</__NAME__>
    <office-square-feet />
    <__LAST_LOGIN_DATE__ />
    <lastname>Hallstensen</lastname>
  </__ACCOUNT__>
  <__ACCOUNT__>
    <ms-employed />
    <__DESCRIPTION__ />
    <has-sixth-sense />
    <overtime-commission />
    <last-logoff />
    <__ENABLE__ />
    <account-created-timestamp />
    <hourly-wage />
    <firstname>Jan Eirik</firstname>
    <__DISABLE_DATE__ />
    <__GROUPS__ />
    <permanent-employee />
    <lastname-first-letter />
    <email />
    <secret-pin />
    <__PASSWORD__ />
    <years-employed />
    <is-deleted />
    <jpegPhoto />
    <age />
    <userCertificate />
    <address />
    <__ENABLE_DATE__ />
    <max-storage />
    <employee-type />
    <yearly-wage />
    <avg-wage />
    <password-secret-answer />
    <__UID__ />
    <employee-number />
    <gender />
    <__NAME__>namedid</__NAME__>
    <office-square-feet />
    <__LAST_LOGIN_DATE__ />
    <lastname>Hallstensen</lastname>
  </__ACCOUNT__>
  <__ACCOUNT__>
    <ms-employed />
    <__DESCRIPTION__ />
    <has-sixth-sense />
    <overtime-commission />
    <last-logoff />
    <__ENABLE__ />
    <account-created-timestamp />
    <hourly-wage />
    <firstname>Jan Eirik</firstname>
    <__DISABLE_DATE__ />
    <__GROUPS__ />
    <permanent-employee />
    <lastname-first-letter />
    <email />
    <secret-pin />
    <__PASSWORD__ />
    <years-employed />
    <is-deleted />
    <jpegPhoto />
    <age />
    <userCertificate />
    <address />
    <__ENABLE_DATE__ />
    <max-storage />
    <employee-type />
    <yearly-wage />
    <avg-wage />
    <password-secret-answer />
    <__UID__ />
    <employee-number />
    <gender />
    <__NAME__>namedid</__NAME__>
    <office-square-feet />
    <__LAST_LOGIN_DATE__ />
    <lastname>Hallstensen</lastname>
  </__ACCOUNT__>
  <__ACCOUNT__>
    <ms-employed />
    <__DESCRIPTION__ />
    <has-sixth-sense />
    <overtime-commission />
    <last-logoff />
    <__ENABLE__ />
    <account-created-timestamp />
    <hourly-wage />
    <firstname>Jan Eirik</firstname>
    <__DISABLE_DATE__ />
    <__GROUPS__ />
    <permanent-employee />
    <lastname-first-letter />
    <email />
    <secret-pin />
    <__PASSWORD__ />
    <years-employed />
    <is-deleted />
    <jpegPhoto />
    <age />
    <userCertificate />
    <address />
    <__ENABLE_DATE__ />
    <max-storage />
    <employee-type />
    <yearly-wage />
    <avg-wage />
    <password-secret-answer />
    <__UID__ />
    <employee-number />
    <gender />
    <__NAME__>namedid</__NAME__>
    <office-square-feet />
    <__LAST_LOGIN_DATE__ />
    <lastname>Hallstensen</lastname>
  </__ACCOUNT__>
  <__ACCOUNT__>
    <ms-employed />
    <__DESCRIPTION__ />
    <has-sixth-sense />
    <overtime-commission />
    <last-logoff />
    <__ENABLE__ />
    <account-created-timestamp />
    <hourly-wage />
    <firstname>Jan Eirik</firstname>
    <__DISABLE_DATE__ />
    <__GROUPS__ />
    <permanent-employee />
    <lastname-first-letter />
    <email />
    <secret-pin />
    <__PASSWORD__ />
    <years-employed />
    <is-deleted />
    <jpegPhoto />
    <age />
    <userCertificate />
    <address />
    <__ENABLE_DATE__ />
    <max-storage />
    <employee-type />
    <yearly-wage />
    <avg-wage />
    <password-secret-answer />
    <__UID__ />
    <employee-number />
    <gender />
    <__NAME__>namedid</__NAME__>
    <office-square-feet />
    <__LAST_LOGIN_DATE__ />
    <lastname>Hallstensen</lastname>
  </__ACCOUNT__>
</OpenICFContainer>

